<?xml version="1.0" encoding="UTF-8"?>
<testsuite xmlns:xsi="http://www.w3.org/2001/XMLSchema-instance" xsi:noNamespaceSchemaLocation="https://maven.apache.org/surefire/maven-surefire-plugin/xsd/surefire-test-report.xsd" name="devopsadda.complete.game.LeaderBoardTest" time="4.2" tests="7" errors="0" skipped="0" failures="0">
  <properties>
    <property name="awt.toolkit" value="sun.awt.X11.XToolkit"/>
    <property name="file.encoding.pkg" value="sun.io"/>
    <property name="java.specification.version" value="1.8"/>
    <property name="sun.cpu.isalist" value=""/>
    <property name="sun.jnu.encoding" value="UTF-8"/>
    <property name="java.class.path" value="/home/vagrant/narayana/narayanaproject/javacode/target/test-classes:/home/vagrant/narayana/narayanaproject/javacode/target/classes:/home/vagrant/.m2/repository/org/apache/beam/beam-sdks-java-core/2.8.0/beam-sdks-java-core-2.8.0.jar:/home/vagrant/.m2/repository/com/fasterxml/jackson/core/jackson-core/2.9.5/jackson-core-2.9.5.jar:/home/vagrant/.m2/repository/com/fasterxml/jackson/core/jackson-annotations/2.9.5/jackson-annotations-2.9.5.jar:/home/vagrant/.m2/repository/com/fasterxml/jackson/core/jackson-databind/2.9.5/jackson-databind-2.9.5.jar:/home/vagrant/.m2/repository/org/apache/avro/avro/1.8.2/avro-1.8.2.jar:/home/vagrant/.m2/repository/org/codehaus/jackson/jackson-core-asl/1.9.13/jackson-core-asl-1.9.13.jar:/home/vagrant/.m2/repository/org/codehaus/jackson/jackson-mapper-asl/1.9.13/jackson-mapper-asl-1.9.13.jar:/home/vagrant/.m2/repository/com/thoughtworks/paranamer/paranamer/2.7/paranamer-2.7.jar:/home/vagrant/.m2/repository/org/apache/commons/commons-compress/1.8.1/commons-compress-1.8.1.jar:/home/vagrant/.m2/repository/org/xerial/snappy/snappy-java/1.1.4/snappy-java-1.1.4.jar:/home/vagrant/.m2/repository/org/tukaani/xz/1.8/xz-1.8.jar:/home/vagrant/.m2/repository/org/apache/beam/beam-sdks-java-io-google-cloud-platform/2.8.0/beam-sdks-java-io-google-cloud-platform-2.8.0.jar:/home/vagrant/.m2/repository/org/apache/beam/beam-sdks-java-extensions-google-cloud-platform-core/2.8.0/beam-sdks-java-extensions-google-cloud-platform-core-2.8.0.jar:/home/vagrant/.m2/repository/com/google/cloud/bigdataoss/gcsio/1.9.0/gcsio-1.9.0.jar:/home/vagrant/.m2/repository/com/google/apis/google-api-services-cloudresourcemanager/v1-rev502-1.24.1/google-api-services-cloudresourcemanager-v1-rev502-1.24.1.jar:/home/vagrant/.m2/repository/com/google/apis/google-api-services-storage/v1-rev136-1.24.1/google-api-services-storage-v1-rev136-1.24.1.jar:/home/vagrant/.m2/repository/org/apache/beam/beam-sdks-java-extensions-protobuf/2.8.0/beam-sdks-java-extensions-protobuf-2.8.0.jar:/home/vagrant/.m2/repository/io/grpc/grpc-core/1.13.1/grpc-core-1.13.1.jar:/home/vagrant/.m2/repository/io/grpc/grpc-context/1.13.1/grpc-context-1.13.1.jar:/home/vagrant/.m2/repository/com/google/code/gson/gson/2.7/gson-2.7.jar:/home/vagrant/.m2/repository/com/google/errorprone/error_prone_annotations/2.1.2/error_prone_annotations-2.1.2.jar:/home/vagrant/.m2/repository/io/opencensus/opencensus-api/0.12.3/opencensus-api-0.12.3.jar:/home/vagrant/.m2/repository/io/opencensus/opencensus-contrib-grpc-metrics/0.12.3/opencensus-contrib-grpc-metrics-0.12.3.jar:/home/vagrant/.m2/repository/com/google/api/gax-grpc/1.29.0/gax-grpc-1.29.0.jar:/home/vagrant/.m2/repository/com/google/api/gax/1.29.0/gax-1.29.0.jar:/home/vagrant/.m2/repository/io/grpc/grpc-protobuf/1.10.1/grpc-protobuf-1.10.1.jar:/home/vagrant/.m2/repository/io/grpc/grpc-protobuf-lite/1.10.1/grpc-protobuf-lite-1.10.1.jar:/home/vagrant/.m2/repository/org/threeten/threetenbp/1.3.3/threetenbp-1.3.3.jar:/home/vagrant/.m2/repository/com/google/api/api-common/1.6.0/api-common-1.6.0.jar:/home/vagrant/.m2/repository/com/google/cloud/google-cloud-core-grpc/1.36.0/google-cloud-core-grpc-1.36.0.jar:/home/vagrant/.m2/repository/com/google/protobuf/protobuf-java-util/3.6.0/protobuf-java-util-3.6.0.jar:/home/vagrant/.m2/repository/io/grpc/grpc-netty-shaded/1.13.1/grpc-netty-shaded-1.13.1.jar:/home/vagrant/.m2/repository/com/google/api/grpc/grpc-google-cloud-pubsub-v1/1.18.0/grpc-google-cloud-pubsub-v1-1.18.0.jar:/home/vagrant/.m2/repository/com/google/api/grpc/proto-google-cloud-pubsub-v1/1.18.0/proto-google-cloud-pubsub-v1-1.18.0.jar:/home/vagrant/.m2/repository/com/google/api/grpc/proto-google-iam-v1/0.12.0/proto-google-iam-v1-0.12.0.jar:/home/vagrant/.m2/repository/com/google/cloud/bigdataoss/util/1.9.0/util-1.9.0.jar:/home/vagrant/.m2/repository/com/google/api-client/google-api-client-java6/1.23.0/google-api-client-java6-1.23.0.jar:/home/vagrant/.m2/repository/com/google/api-client/google-api-client-jackson2/1.23.0/google-api-client-jackson2-1.23.0.jar:/home/vagrant/.m2/repository/com/google/auto/value/auto-value-annotations/1.6/auto-value-annotations-1.6.jar:/home/vagrant/.m2/repository/com/google/oauth-client/google-oauth-client-java6/1.23.0/google-oauth-client-java6-1.23.0.jar:/home/vagrant/.m2/repository/com/google/cloud/datastore/datastore-v1-proto-client/1.6.0/datastore-v1-proto-client-1.6.0.jar:/home/vagrant/.m2/repository/com/google/http-client/google-http-client-protobuf/1.20.0/google-http-client-protobuf-1.20.0.jar:/home/vagrant/.m2/repository/com/google/http-client/google-http-client-jackson/1.20.0/google-http-client-jackson-1.20.0.jar:/home/vagrant/.m2/repository/com/google/api/grpc/proto-google-cloud-datastore-v1/0.19.0/proto-google-cloud-datastore-v1-0.19.0.jar:/home/vagrant/.m2/repository/io/grpc/grpc-auth/1.13.1/grpc-auth-1.13.1.jar:/home/vagrant/.m2/repository/io/grpc/grpc-netty/1.13.1/grpc-netty-1.13.1.jar:/home/vagrant/.m2/repository/io/netty/netty-codec-http2/4.1.25.Final/netty-codec-http2-4.1.25.Final.jar:/home/vagrant/.m2/repository/io/netty/netty-codec-http/4.1.25.Final/netty-codec-http-4.1.25.Final.jar:/home/vagrant/.m2/repository/io/netty/netty-handler-proxy/4.1.25.Final/netty-handler-proxy-4.1.25.Final.jar:/home/vagrant/.m2/repository/io/netty/netty-codec-socks/4.1.25.Final/netty-codec-socks-4.1.25.Final.jar:/home/vagrant/.m2/repository/io/netty/netty-handler/4.1.25.Final/netty-handler-4.1.25.Final.jar:/home/vagrant/.m2/repository/io/netty/netty-buffer/4.1.25.Final/netty-buffer-4.1.25.Final.jar:/home/vagrant/.m2/repository/io/netty/netty-common/4.1.25.Final/netty-common-4.1.25.Final.jar:/home/vagrant/.m2/repository/io/netty/netty-transport/4.1.25.Final/netty-transport-4.1.25.Final.jar:/home/vagrant/.m2/repository/io/netty/netty-resolver/4.1.25.Final/netty-resolver-4.1.25.Final.jar:/home/vagrant/.m2/repository/io/netty/netty-codec/4.1.25.Final/netty-codec-4.1.25.Final.jar:/home/vagrant/.m2/repository/io/grpc/grpc-stub/1.13.1/grpc-stub-1.13.1.jar:/home/vagrant/.m2/repository/com/google/cloud/google-cloud-core/1.36.0/google-cloud-core-1.36.0.jar:/home/vagrant/.m2/repository/com/google/cloud/google-cloud-spanner/0.54.0-beta/google-cloud-spanner-0.54.0-beta.jar:/home/vagrant/.m2/repository/com/google/api/grpc/proto-google-cloud-spanner-v1/0.19.0/proto-google-cloud-spanner-v1-0.19.0.jar:/home/vagrant/.m2/repository/com/google/api/grpc/proto-google-cloud-spanner-admin-instance-v1/0.19.0/proto-google-cloud-spanner-admin-instance-v1-0.19.0.jar:/home/vagrant/.m2/repository/com/google/api/grpc/grpc-google-cloud-spanner-v1/0.19.0/grpc-google-cloud-spanner-v1-0.19.0.jar:/home/vagrant/.m2/repository/com/google/api/grpc/grpc-google-cloud-spanner-admin-database-v1/0.19.0/grpc-google-cloud-spanner-admin-database-v1-0.19.0.jar:/home/vagrant/.m2/repository/com/google/api/grpc/grpc-google-cloud-spanner-admin-instance-v1/0.19.0/grpc-google-cloud-spanner-admin-instance-v1-0.19.0.jar:/home/vagrant/.m2/repository/com/google/api/grpc/grpc-google-common-protos/1.12.0/grpc-google-common-protos-1.12.0.jar:/home/vagrant/.m2/repository/io/opencensus/opencensus-contrib-grpc-util/0.12.3/opencensus-contrib-grpc-util-0.12.3.jar:/home/vagrant/.m2/repository/com/google/api/grpc/grpc-google-cloud-bigtable-v2/0.19.0/grpc-google-cloud-bigtable-v2-0.19.0.jar:/home/vagrant/.m2/repository/com/google/api/grpc/proto-google-cloud-bigtable-v2/0.19.0/proto-google-cloud-bigtable-v2-0.19.0.jar:/home/vagrant/.m2/repository/com/google/cloud/bigtable/bigtable-client-core/1.4.0/bigtable-client-core-1.4.0.jar:/home/vagrant/.m2/repository/com/google/api/grpc/proto-google-cloud-bigtable-admin-v2/0.15.0/proto-google-cloud-bigtable-admin-v2-0.15.0.jar:/home/vagrant/.m2/repository/com/google/api/grpc/grpc-google-cloud-bigtable-admin-v2/0.15.0/grpc-google-cloud-bigtable-admin-v2-0.15.0.jar:/home/vagrant/.m2/repository/commons-logging/commons-logging/1.2/commons-logging-1.2.jar:/home/vagrant/.m2/repository/com/google/cloud/google-cloud-core-http/1.32.0/google-cloud-core-http-1.32.0.jar:/home/vagrant/.m2/repository/com/google/http-client/google-http-client-appengine/1.23.0/google-http-client-appengine-1.23.0.jar:/home/vagrant/.m2/repository/com/google/api/gax-httpjson/0.44.0/gax-httpjson-0.44.0.jar:/home/vagrant/.m2/repository/io/opencensus/opencensus-contrib-http-util/0.11.1/opencensus-contrib-http-util-0.11.1.jar:/home/vagrant/.m2/repository/io/dropwizard/metrics/metrics-core/3.1.2/metrics-core-3.1.2.jar:/home/vagrant/.m2/repository/com/google/http-client/google-http-client-jackson2/1.24.1/google-http-client-jackson2-1.24.1.jar:/home/vagrant/.m2/repository/com/google/auth/google-auth-library-credentials/0.10.0/google-auth-library-credentials-0.10.0.jar:/home/vagrant/.m2/repository/com/google/auth/google-auth-library-oauth2-http/0.10.0/google-auth-library-oauth2-http-0.10.0.jar:/home/vagrant/.m2/repository/com/google/protobuf/protobuf-java/3.6.0/protobuf-java-3.6.0.jar:/home/vagrant/.m2/repository/com/google/api/grpc/proto-google-cloud-spanner-admin-database-v1/0.19.0/proto-google-cloud-spanner-admin-database-v1-0.19.0.jar:/home/vagrant/.m2/repository/com/google/api/grpc/proto-google-common-protos/1.12.0/proto-google-common-protos-1.12.0.jar:/home/vagrant/.m2/repository/io/grpc/grpc-all/1.13.1/grpc-all-1.13.1.jar:/home/vagrant/.m2/repository/io/grpc/grpc-okhttp/1.13.1/grpc-okhttp-1.13.1.jar:/home/vagrant/.m2/repository/com/squareup/okhttp/okhttp/2.5.0/okhttp-2.5.0.jar:/home/vagrant/.m2/repository/com/squareup/okio/okio/1.13.0/okio-1.13.0.jar:/home/vagrant/.m2/repository/io/grpc/grpc-protobuf-nano/1.13.1/grpc-protobuf-nano-1.13.1.jar:/home/vagrant/.m2/repository/com/google/protobuf/nano/protobuf-javanano/3.0.0-alpha-5/protobuf-javanano-3.0.0-alpha-5.jar:/home/vagrant/.m2/repository/io/grpc/grpc-testing/1.13.1/grpc-testing-1.13.1.jar:/home/vagrant/.m2/repository/io/netty/netty-tcnative-boringssl-static/2.0.8.Final/netty-tcnative-boringssl-static-2.0.8.Final.jar:/home/vagrant/.m2/repository/com/google/api-client/google-api-client/1.24.1/google-api-client-1.24.1.jar:/home/vagrant/.m2/repository/com/google/oauth-client/google-oauth-client/1.24.1/google-oauth-client-1.24.1.jar:/home/vagrant/.m2/repository/com/google/apis/google-api-services-bigquery/v2-rev402-1.24.1/google-api-services-bigquery-v2-rev402-1.24.1.jar:/home/vagrant/.m2/repository/com/google/http-client/google-http-client/1.24.1/google-http-client-1.24.1.jar:/home/vagrant/.m2/repository/com/google/code/findbugs/jsr305/3.0.2/jsr305-3.0.2.jar:/home/vagrant/.m2/repository/org/apache/httpcomponents/httpclient/4.5.3/httpclient-4.5.3.jar:/home/vagrant/.m2/repository/org/apache/httpcomponents/httpcore/4.4.6/httpcore-4.4.6.jar:/home/vagrant/.m2/repository/commons-codec/commons-codec/1.9/commons-codec-1.9.jar:/home/vagrant/.m2/repository/com/google/apis/google-api-services-pubsub/v1-rev399-1.24.1/google-api-services-pubsub-v1-rev399-1.24.1.jar:/home/vagrant/.m2/repository/joda-time/joda-time/2.4/joda-time-2.4.jar:/home/vagrant/.m2/repository/com/google/guava/guava/20.0/guava-20.0.jar:/home/vagrant/.m2/repository/org/slf4j/slf4j-api/1.7.25/slf4j-api-1.7.25.jar:/home/vagrant/.m2/repository/org/slf4j/slf4j-jdk14/1.7.25/slf4j-jdk14-1.7.25.jar:/home/vagrant/.m2/repository/org/hamcrest/hamcrest-core/1.3/hamcrest-core-1.3.jar:/home/vagrant/.m2/repository/org/hamcrest/hamcrest-library/1.3/hamcrest-library-1.3.jar:/home/vagrant/.m2/repository/junit/junit/4.12/junit-4.12.jar:/home/vagrant/.m2/repository/org/apache/beam/beam-runners-direct-java/2.8.0/beam-runners-direct-java-2.8.0.jar:/home/vagrant/.m2/repository/org/apache/beam/beam-model-pipeline/2.8.0/beam-model-pipeline-2.8.0.jar:/home/vagrant/.m2/repository/args4j/args4j/2.33/args4j-2.33.jar:/home/vagrant/.m2/repository/org/mockito/mockito-core/1.10.19/mockito-core-1.10.19.jar:/home/vagrant/.m2/repository/org/objenesis/objenesis/2.1/objenesis-2.1.jar:"/>
    <property name="java.vm.vendor" value="Oracle Corporation"/>
    <property name="sun.arch.data.model" value="64"/>
    <property name="java.vendor.url" value="http://java.oracle.com/"/>
    <property name="user.timezone" value="UTC"/>
    <property name="java.vm.specification.version" value="1.8"/>
    <property name="os.name" value="Linux"/>
    <property name="user.country" value="US"/>
    <property name="sun.java.launcher" value="SUN_STANDARD"/>
    <property name="sun.boot.library.path" value="/usr/lib/jvm/java-1.8.0-openjdk-1.8.0.191.b12-0.el6_10.x86_64/jre/lib/amd64"/>
    <property name="sun.java.command" value="/home/vagrant/narayana/narayanaproject/javacode/target/surefire/surefirebooter7242240285292497142.jar /home/vagrant/narayana/narayanaproject/javacode/target/surefire 2018-11-13T15-13-12_173-jvmRun1 surefire1341153506925179698tmp surefire_01984651215926600086tmp"/>
    <property name="surefire.test.class.path" value="/home/vagrant/narayana/narayanaproject/javacode/target/test-classes:/home/vagrant/narayana/narayanaproject/javacode/target/classes:/home/vagrant/.m2/repository/org/apache/beam/beam-sdks-java-core/2.8.0/beam-sdks-java-core-2.8.0.jar:/home/vagrant/.m2/repository/com/fasterxml/jackson/core/jackson-core/2.9.5/jackson-core-2.9.5.jar:/home/vagrant/.m2/repository/com/fasterxml/jackson/core/jackson-annotations/2.9.5/jackson-annotations-2.9.5.jar:/home/vagrant/.m2/repository/com/fasterxml/jackson/core/jackson-databind/2.9.5/jackson-databind-2.9.5.jar:/home/vagrant/.m2/repository/org/apache/avro/avro/1.8.2/avro-1.8.2.jar:/home/vagrant/.m2/repository/org/codehaus/jackson/jackson-core-asl/1.9.13/jackson-core-asl-1.9.13.jar:/home/vagrant/.m2/repository/org/codehaus/jackson/jackson-mapper-asl/1.9.13/jackson-mapper-asl-1.9.13.jar:/home/vagrant/.m2/repository/com/thoughtworks/paranamer/paranamer/2.7/paranamer-2.7.jar:/home/vagrant/.m2/repository/org/apache/commons/commons-compress/1.8.1/commons-compress-1.8.1.jar:/home/vagrant/.m2/repository/org/xerial/snappy/snappy-java/1.1.4/snappy-java-1.1.4.jar:/home/vagrant/.m2/repository/org/tukaani/xz/1.8/xz-1.8.jar:/home/vagrant/.m2/repository/org/apache/beam/beam-sdks-java-io-google-cloud-platform/2.8.0/beam-sdks-java-io-google-cloud-platform-2.8.0.jar:/home/vagrant/.m2/repository/org/apache/beam/beam-sdks-java-extensions-google-cloud-platform-core/2.8.0/beam-sdks-java-extensions-google-cloud-platform-core-2.8.0.jar:/home/vagrant/.m2/repository/com/google/cloud/bigdataoss/gcsio/1.9.0/gcsio-1.9.0.jar:/home/vagrant/.m2/repository/com/google/apis/google-api-services-cloudresourcemanager/v1-rev502-1.24.1/google-api-services-cloudresourcemanager-v1-rev502-1.24.1.jar:/home/vagrant/.m2/repository/com/google/apis/google-api-services-storage/v1-rev136-1.24.1/google-api-services-storage-v1-rev136-1.24.1.jar:/home/vagrant/.m2/repository/org/apache/beam/beam-sdks-java-extensions-protobuf/2.8.0/beam-sdks-java-extensions-protobuf-2.8.0.jar:/home/vagrant/.m2/repository/io/grpc/grpc-core/1.13.1/grpc-core-1.13.1.jar:/home/vagrant/.m2/repository/io/grpc/grpc-context/1.13.1/grpc-context-1.13.1.jar:/home/vagrant/.m2/repository/com/google/code/gson/gson/2.7/gson-2.7.jar:/home/vagrant/.m2/repository/com/google/errorprone/error_prone_annotations/2.1.2/error_prone_annotations-2.1.2.jar:/home/vagrant/.m2/repository/io/opencensus/opencensus-api/0.12.3/opencensus-api-0.12.3.jar:/home/vagrant/.m2/repository/io/opencensus/opencensus-contrib-grpc-metrics/0.12.3/opencensus-contrib-grpc-metrics-0.12.3.jar:/home/vagrant/.m2/repository/com/google/api/gax-grpc/1.29.0/gax-grpc-1.29.0.jar:/home/vagrant/.m2/repository/com/google/api/gax/1.29.0/gax-1.29.0.jar:/home/vagrant/.m2/repository/io/grpc/grpc-protobuf/1.10.1/grpc-protobuf-1.10.1.jar:/home/vagrant/.m2/repository/io/grpc/grpc-protobuf-lite/1.10.1/grpc-protobuf-lite-1.10.1.jar:/home/vagrant/.m2/repository/org/threeten/threetenbp/1.3.3/threetenbp-1.3.3.jar:/home/vagrant/.m2/repository/com/google/api/api-common/1.6.0/api-common-1.6.0.jar:/home/vagrant/.m2/repository/com/google/cloud/google-cloud-core-grpc/1.36.0/google-cloud-core-grpc-1.36.0.jar:/home/vagrant/.m2/repository/com/google/protobuf/protobuf-java-util/3.6.0/protobuf-java-util-3.6.0.jar:/home/vagrant/.m2/repository/io/grpc/grpc-netty-shaded/1.13.1/grpc-netty-shaded-1.13.1.jar:/home/vagrant/.m2/repository/com/google/api/grpc/grpc-google-cloud-pubsub-v1/1.18.0/grpc-google-cloud-pubsub-v1-1.18.0.jar:/home/vagrant/.m2/repository/com/google/api/grpc/proto-google-cloud-pubsub-v1/1.18.0/proto-google-cloud-pubsub-v1-1.18.0.jar:/home/vagrant/.m2/repository/com/google/api/grpc/proto-google-iam-v1/0.12.0/proto-google-iam-v1-0.12.0.jar:/home/vagrant/.m2/repository/com/google/cloud/bigdataoss/util/1.9.0/util-1.9.0.jar:/home/vagrant/.m2/repository/com/google/api-client/google-api-client-java6/1.23.0/google-api-client-java6-1.23.0.jar:/home/vagrant/.m2/repository/com/google/api-client/google-api-client-jackson2/1.23.0/google-api-client-jackson2-1.23.0.jar:/home/vagrant/.m2/repository/com/google/auto/value/auto-value-annotations/1.6/auto-value-annotations-1.6.jar:/home/vagrant/.m2/repository/com/google/oauth-client/google-oauth-client-java6/1.23.0/google-oauth-client-java6-1.23.0.jar:/home/vagrant/.m2/repository/com/google/cloud/datastore/datastore-v1-proto-client/1.6.0/datastore-v1-proto-client-1.6.0.jar:/home/vagrant/.m2/repository/com/google/http-client/google-http-client-protobuf/1.20.0/google-http-client-protobuf-1.20.0.jar:/home/vagrant/.m2/repository/com/google/http-client/google-http-client-jackson/1.20.0/google-http-client-jackson-1.20.0.jar:/home/vagrant/.m2/repository/com/google/api/grpc/proto-google-cloud-datastore-v1/0.19.0/proto-google-cloud-datastore-v1-0.19.0.jar:/home/vagrant/.m2/repository/io/grpc/grpc-auth/1.13.1/grpc-auth-1.13.1.jar:/home/vagrant/.m2/repository/io/grpc/grpc-netty/1.13.1/grpc-netty-1.13.1.jar:/home/vagrant/.m2/repository/io/netty/netty-codec-http2/4.1.25.Final/netty-codec-http2-4.1.25.Final.jar:/home/vagrant/.m2/repository/io/netty/netty-codec-http/4.1.25.Final/netty-codec-http-4.1.25.Final.jar:/home/vagrant/.m2/repository/io/netty/netty-handler-proxy/4.1.25.Final/netty-handler-proxy-4.1.25.Final.jar:/home/vagrant/.m2/repository/io/netty/netty-codec-socks/4.1.25.Final/netty-codec-socks-4.1.25.Final.jar:/home/vagrant/.m2/repository/io/netty/netty-handler/4.1.25.Final/netty-handler-4.1.25.Final.jar:/home/vagrant/.m2/repository/io/netty/netty-buffer/4.1.25.Final/netty-buffer-4.1.25.Final.jar:/home/vagrant/.m2/repository/io/netty/netty-common/4.1.25.Final/netty-common-4.1.25.Final.jar:/home/vagrant/.m2/repository/io/netty/netty-transport/4.1.25.Final/netty-transport-4.1.25.Final.jar:/home/vagrant/.m2/repository/io/netty/netty-resolver/4.1.25.Final/netty-resolver-4.1.25.Final.jar:/home/vagrant/.m2/repository/io/netty/netty-codec/4.1.25.Final/netty-codec-4.1.25.Final.jar:/home/vagrant/.m2/repository/io/grpc/grpc-stub/1.13.1/grpc-stub-1.13.1.jar:/home/vagrant/.m2/repository/com/google/cloud/google-cloud-core/1.36.0/google-cloud-core-1.36.0.jar:/home/vagrant/.m2/repository/com/google/cloud/google-cloud-spanner/0.54.0-beta/google-cloud-spanner-0.54.0-beta.jar:/home/vagrant/.m2/repository/com/google/api/grpc/proto-google-cloud-spanner-v1/0.19.0/proto-google-cloud-spanner-v1-0.19.0.jar:/home/vagrant/.m2/repository/com/google/api/grpc/proto-google-cloud-spanner-admin-instance-v1/0.19.0/proto-google-cloud-spanner-admin-instance-v1-0.19.0.jar:/home/vagrant/.m2/repository/com/google/api/grpc/grpc-google-cloud-spanner-v1/0.19.0/grpc-google-cloud-spanner-v1-0.19.0.jar:/home/vagrant/.m2/repository/com/google/api/grpc/grpc-google-cloud-spanner-admin-database-v1/0.19.0/grpc-google-cloud-spanner-admin-database-v1-0.19.0.jar:/home/vagrant/.m2/repository/com/google/api/grpc/grpc-google-cloud-spanner-admin-instance-v1/0.19.0/grpc-google-cloud-spanner-admin-instance-v1-0.19.0.jar:/home/vagrant/.m2/repository/com/google/api/grpc/grpc-google-common-protos/1.12.0/grpc-google-common-protos-1.12.0.jar:/home/vagrant/.m2/repository/io/opencensus/opencensus-contrib-grpc-util/0.12.3/opencensus-contrib-grpc-util-0.12.3.jar:/home/vagrant/.m2/repository/com/google/api/grpc/grpc-google-cloud-bigtable-v2/0.19.0/grpc-google-cloud-bigtable-v2-0.19.0.jar:/home/vagrant/.m2/repository/com/google/api/grpc/proto-google-cloud-bigtable-v2/0.19.0/proto-google-cloud-bigtable-v2-0.19.0.jar:/home/vagrant/.m2/repository/com/google/cloud/bigtable/bigtable-client-core/1.4.0/bigtable-client-core-1.4.0.jar:/home/vagrant/.m2/repository/com/google/api/grpc/proto-google-cloud-bigtable-admin-v2/0.15.0/proto-google-cloud-bigtable-admin-v2-0.15.0.jar:/home/vagrant/.m2/repository/com/google/api/grpc/grpc-google-cloud-bigtable-admin-v2/0.15.0/grpc-google-cloud-bigtable-admin-v2-0.15.0.jar:/home/vagrant/.m2/repository/commons-logging/commons-logging/1.2/commons-logging-1.2.jar:/home/vagrant/.m2/repository/com/google/cloud/google-cloud-core-http/1.32.0/google-cloud-core-http-1.32.0.jar:/home/vagrant/.m2/repository/com/google/http-client/google-http-client-appengine/1.23.0/google-http-client-appengine-1.23.0.jar:/home/vagrant/.m2/repository/com/google/api/gax-httpjson/0.44.0/gax-httpjson-0.44.0.jar:/home/vagrant/.m2/repository/io/opencensus/opencensus-contrib-http-util/0.11.1/opencensus-contrib-http-util-0.11.1.jar:/home/vagrant/.m2/repository/io/dropwizard/metrics/metrics-core/3.1.2/metrics-core-3.1.2.jar:/home/vagrant/.m2/repository/com/google/http-client/google-http-client-jackson2/1.24.1/google-http-client-jackson2-1.24.1.jar:/home/vagrant/.m2/repository/com/google/auth/google-auth-library-credentials/0.10.0/google-auth-library-credentials-0.10.0.jar:/home/vagrant/.m2/repository/com/google/auth/google-auth-library-oauth2-http/0.10.0/google-auth-library-oauth2-http-0.10.0.jar:/home/vagrant/.m2/repository/com/google/protobuf/protobuf-java/3.6.0/protobuf-java-3.6.0.jar:/home/vagrant/.m2/repository/com/google/api/grpc/proto-google-cloud-spanner-admin-database-v1/0.19.0/proto-google-cloud-spanner-admin-database-v1-0.19.0.jar:/home/vagrant/.m2/repository/com/google/api/grpc/proto-google-common-protos/1.12.0/proto-google-common-protos-1.12.0.jar:/home/vagrant/.m2/repository/io/grpc/grpc-all/1.13.1/grpc-all-1.13.1.jar:/home/vagrant/.m2/repository/io/grpc/grpc-okhttp/1.13.1/grpc-okhttp-1.13.1.jar:/home/vagrant/.m2/repository/com/squareup/okhttp/okhttp/2.5.0/okhttp-2.5.0.jar:/home/vagrant/.m2/repository/com/squareup/okio/okio/1.13.0/okio-1.13.0.jar:/home/vagrant/.m2/repository/io/grpc/grpc-protobuf-nano/1.13.1/grpc-protobuf-nano-1.13.1.jar:/home/vagrant/.m2/repository/com/google/protobuf/nano/protobuf-javanano/3.0.0-alpha-5/protobuf-javanano-3.0.0-alpha-5.jar:/home/vagrant/.m2/repository/io/grpc/grpc-testing/1.13.1/grpc-testing-1.13.1.jar:/home/vagrant/.m2/repository/io/netty/netty-tcnative-boringssl-static/2.0.8.Final/netty-tcnative-boringssl-static-2.0.8.Final.jar:/home/vagrant/.m2/repository/com/google/api-client/google-api-client/1.24.1/google-api-client-1.24.1.jar:/home/vagrant/.m2/repository/com/google/oauth-client/google-oauth-client/1.24.1/google-oauth-client-1.24.1.jar:/home/vagrant/.m2/repository/com/google/apis/google-api-services-bigquery/v2-rev402-1.24.1/google-api-services-bigquery-v2-rev402-1.24.1.jar:/home/vagrant/.m2/repository/com/google/http-client/google-http-client/1.24.1/google-http-client-1.24.1.jar:/home/vagrant/.m2/repository/com/google/code/findbugs/jsr305/3.0.2/jsr305-3.0.2.jar:/home/vagrant/.m2/repository/org/apache/httpcomponents/httpclient/4.5.3/httpclient-4.5.3.jar:/home/vagrant/.m2/repository/org/apache/httpcomponents/httpcore/4.4.6/httpcore-4.4.6.jar:/home/vagrant/.m2/repository/commons-codec/commons-codec/1.9/commons-codec-1.9.jar:/home/vagrant/.m2/repository/com/google/apis/google-api-services-pubsub/v1-rev399-1.24.1/google-api-services-pubsub-v1-rev399-1.24.1.jar:/home/vagrant/.m2/repository/joda-time/joda-time/2.4/joda-time-2.4.jar:/home/vagrant/.m2/repository/com/google/guava/guava/20.0/guava-20.0.jar:/home/vagrant/.m2/repository/org/slf4j/slf4j-api/1.7.25/slf4j-api-1.7.25.jar:/home/vagrant/.m2/repository/org/slf4j/slf4j-jdk14/1.7.25/slf4j-jdk14-1.7.25.jar:/home/vagrant/.m2/repository/org/hamcrest/hamcrest-core/1.3/hamcrest-core-1.3.jar:/home/vagrant/.m2/repository/org/hamcrest/hamcrest-library/1.3/hamcrest-library-1.3.jar:/home/vagrant/.m2/repository/junit/junit/4.12/junit-4.12.jar:/home/vagrant/.m2/repository/org/apache/beam/beam-runners-direct-java/2.8.0/beam-runners-direct-java-2.8.0.jar:/home/vagrant/.m2/repository/org/apache/beam/beam-model-pipeline/2.8.0/beam-model-pipeline-2.8.0.jar:/home/vagrant/.m2/repository/args4j/args4j/2.33/args4j-2.33.jar:/home/vagrant/.m2/repository/org/mockito/mockito-core/1.10.19/mockito-core-1.10.19.jar:/home/vagrant/.m2/repository/org/objenesis/objenesis/2.1/objenesis-2.1.jar:"/>
    <property name="sun.cpu.endian" value="little"/>
    <property name="user.home" value="/home/vagrant"/>
    <property name="user.language" value="en"/>
    <property name="java.specification.vendor" value="Oracle Corporation"/>
    <property name="java.home" value="/usr/lib/jvm/java-1.8.0-openjdk-1.8.0.191.b12-0.el6_10.x86_64/jre"/>
    <property name="basedir" value="/home/vagrant/narayana/narayanaproject/javacode"/>
    <property name="file.separator" value="/"/>
    <property name="line.separator" value="&#10;"/>
    <property name="java.vm.specification.vendor" value="Oracle Corporation"/>
    <property name="java.specification.name" value="Java Platform API Specification"/>
    <property name="java.awt.graphicsenv" value="sun.awt.X11GraphicsEnvironment"/>
    <property name="surefire.real.class.path" value="/home/vagrant/narayana/narayanaproject/javacode/target/surefire/surefirebooter7242240285292497142.jar"/>
    <property name="sun.boot.class.path" value="/usr/lib/jvm/java-1.8.0-openjdk-1.8.0.191.b12-0.el6_10.x86_64/jre/lib/resources.jar:/usr/lib/jvm/java-1.8.0-openjdk-1.8.0.191.b12-0.el6_10.x86_64/jre/lib/rt.jar:/usr/lib/jvm/java-1.8.0-openjdk-1.8.0.191.b12-0.el6_10.x86_64/jre/lib/sunrsasign.jar:/usr/lib/jvm/java-1.8.0-openjdk-1.8.0.191.b12-0.el6_10.x86_64/jre/lib/jsse.jar:/usr/lib/jvm/java-1.8.0-openjdk-1.8.0.191.b12-0.el6_10.x86_64/jre/lib/jce.jar:/usr/lib/jvm/java-1.8.0-openjdk-1.8.0.191.b12-0.el6_10.x86_64/jre/lib/charsets.jar:/usr/lib/jvm/java-1.8.0-openjdk-1.8.0.191.b12-0.el6_10.x86_64/jre/lib/jfr.jar:/usr/lib/jvm/java-1.8.0-openjdk-1.8.0.191.b12-0.el6_10.x86_64/jre/classes"/>
    <property name="sun.management.compiler" value="HotSpot 64-Bit Tiered Compilers"/>
    <property name="java.runtime.version" value="1.8.0_191-b12"/>
    <property name="user.name" value="vagrant"/>
    <property name="path.separator" value=":"/>
    <property name="os.version" value="2.6.32-754.3.5.el6.x86_64"/>
    <property name="java.endorsed.dirs" value="/usr/lib/jvm/java-1.8.0-openjdk-1.8.0.191.b12-0.el6_10.x86_64/jre/lib/endorsed"/>
    <property name="java.runtime.name" value="OpenJDK Runtime Environment"/>
    <property name="file.encoding" value="UTF-8"/>
    <property name="java.vm.name" value="OpenJDK 64-Bit Server VM"/>
    <property name="localRepository" value="/home/vagrant/.m2/repository"/>
    <property name="java.vendor.url.bug" value="http://bugreport.sun.com/bugreport/"/>
    <property name="java.io.tmpdir" value="/tmp"/>
    <property name="java.version" value="1.8.0_191"/>
    <property name="user.dir" value="/home/vagrant/narayana/narayanaproject/javacode"/>
    <property name="os.arch" value="amd64"/>
    <property name="java.vm.specification.name" value="Java Virtual Machine Specification"/>
    <property name="java.awt.printerjob" value="sun.print.PSPrinterJob"/>
    <property name="sun.os.patch.level" value="unknown"/>
    <property name="java.library.path" value="/usr/java/packages/lib/amd64:/usr/lib64:/lib64:/lib:/usr/lib"/>
    <property name="java.vm.info" value="mixed mode"/>
    <property name="java.vendor" value="Oracle Corporation"/>
    <property name="java.vm.version" value="25.191-b12"/>
    <property name="java.ext.dirs" value="/usr/lib/jvm/java-1.8.0-openjdk-1.8.0.191.b12-0.el6_10.x86_64/jre/lib/ext:/usr/java/packages/lib/ext"/>
    <property name="sun.io.unicode.encoding" value="UnicodeLittle"/>
    <property name="java.class.version" value="52.0"/>
  </properties>
  <testcase name="testTeamScoresDroppablyLate" classname="devopsadda.complete.game.LeaderBoardTest" time="1.639"/>
  <testcase name="testTeamScoresObservablyLate" classname="devopsadda.complete.game.LeaderBoardTest" time="3.84"/>
  <testcase name="testTeamScoresOnTime" classname="devopsadda.complete.game.LeaderBoardTest" time="1.355"/>
  <testcase name="testTeamScoresSpeculative" classname="devopsadda.complete.game.LeaderBoardTest" time="2.345"/>
  <testcase name="testLeaderBoardOptions" classname="devopsadda.complete.game.LeaderBoardTest" time="0.219"/>
  <testcase name="testUserScore" classname="devopsadda.complete.game.LeaderBoardTest" time="1.677"/>
  <testcase name="testTeamScoresUnobservablyLate" classname="devopsadda.complete.game.LeaderBoardTest" time="0.65"/>
</testsuite>